0 info it worked if it ends with ok
1 verbose cli [ '/home/liezlsantos/.nvm/versions/node/v4.2.6/bin/node',
1 verbose cli   '/home/liezlsantos/.nvm/versions/node/v4.2.6/bin/npm',
1 verbose cli   'run',
1 verbose cli   'i18n',
1 verbose cli   'extract' ]
2 info using npm@3.10.8
3 info using node@v4.2.6
4 verbose run-script [ 'prei18n', 'i18n', 'posti18n' ]
5 info lifecycle angular-examples-master@1.0.0~prei18n: angular-examples-master@1.0.0
6 silly lifecycle angular-examples-master@1.0.0~prei18n: no script for prei18n, continuing
7 info lifecycle angular-examples-master@1.0.0~i18n: angular-examples-master@1.0.0
8 verbose lifecycle angular-examples-master@1.0.0~i18n: unsafe-perm in lifecycle true
9 verbose lifecycle angular-examples-master@1.0.0~i18n: PATH: /home/liezlsantos/.nvm/versions/node/v4.2.6/lib/node_modules/npm/bin/node-gyp-bin:/home/liezlsantos/project/sample-i18n/node_modules/.bin:/home/liezlsantos/project/dev-env/bin:/home/liezlsantos/.nvm/versions/node/v4.2.6/bin:/home/liezlsantos/.rvm/gems/ruby-2.0.0-p648/bin:/home/liezlsantos/.rvm/gems/ruby-2.0.0-p648@global/bin:/home/liezlsantos/.rvm/rubies/ruby-2.0.0-p648/bin:/usr/local/sbin:/usr/local/bin:/usr/sbin:/usr/bin:/sbin:/bin:/usr/games:/usr/local/games:~/phabricator/arcanist/bin:/home/liezlsantos/.rvm/bin:~/phabricator/arcanist/bin:/home/liezlsantos/.rvm/bin
10 verbose lifecycle angular-examples-master@1.0.0~i18n: CWD: /home/liezlsantos/project/sample-i18n
11 silly lifecycle angular-examples-master@1.0.0~i18n: Args: [ '-c', 'ng-xi18n "extract"' ]
12 silly lifecycle angular-examples-master@1.0.0~i18n: Returned: code: 1  signal: null
13 info lifecycle angular-examples-master@1.0.0~i18n: Failed to exec i18n script
14 verbose stack Error: angular-examples-master@1.0.0 i18n: `ng-xi18n "extract"`
14 verbose stack Exit status 1
14 verbose stack     at EventEmitter.<anonymous> (/home/liezlsantos/.nvm/versions/node/v4.2.6/lib/node_modules/npm/lib/utils/lifecycle.js:255:16)
14 verbose stack     at emitTwo (events.js:87:13)
14 verbose stack     at EventEmitter.emit (events.js:172:7)
14 verbose stack     at ChildProcess.<anonymous> (/home/liezlsantos/.nvm/versions/node/v4.2.6/lib/node_modules/npm/lib/utils/spawn.js:40:14)
14 verbose stack     at emitTwo (events.js:87:13)
14 verbose stack     at ChildProcess.emit (events.js:172:7)
14 verbose stack     at maybeClose (internal/child_process.js:821:16)
14 verbose stack     at Process.ChildProcess._handle.onexit (internal/child_process.js:211:5)
15 verbose pkgid angular-examples-master@1.0.0
16 verbose cwd /home/liezlsantos/project/sample-i18n/src
17 error Linux 3.13.0-110-generic
18 error argv "/home/liezlsantos/.nvm/versions/node/v4.2.6/bin/node" "/home/liezlsantos/.nvm/versions/node/v4.2.6/bin/npm" "run" "i18n" "extract"
19 error node v4.2.6
20 error npm  v3.10.8
21 error code ELIFECYCLE
22 error angular-examples-master@1.0.0 i18n: `ng-xi18n "extract"`
22 error Exit status 1
23 error Failed at the angular-examples-master@1.0.0 i18n script 'ng-xi18n "extract"'.
23 error Make sure you have the latest version of node.js and npm installed.
23 error If you do, this is most likely a problem with the angular-examples-master package,
23 error not with npm itself.
23 error Tell the author that this fails on your system:
23 error     ng-xi18n "extract"
23 error You can get information on how to open an issue for this project with:
23 error     npm bugs angular-examples-master
23 error Or if that isn't available, you can get their info via:
23 error     npm owner ls angular-examples-master
23 error There is likely additional logging output above.
24 verbose exit [ 1, true ]
